
ROM used: 1259 (15%)
          1259 (15%) including unused fragments

          1 Average locations per line
          3 Average locations per statement

RAM used: 131 (36%) at main() level
          175 (48%) worst case

Stack used: 3 worst case (out of 8 total available)

Lines Stmts  %   Files
----- ----- ---  -----
  142    80  18  main.c
  326     0   0  16F877A.h
 1273   359  82  C:\Program Files (x86)\PICC\drivers\stdlib.h
   28     0   0  C:\Program Files (x86)\PICC\drivers\stddef.h
  409     0   0  C:\Program Files (x86)\PICC\drivers\string.h
   28     0   0  C:\Program Files (x86)\PICC\drivers\ctype.h
   37     0   0  C:\Program Files (x86)\PICC\drivers\stdio.h
----- -----
 2243   439 Total

Page ROM  %  RAM   Vol Diff  Functions:
---- --- --- ---   --- ----  ----------
 Inline       13             @MULFF
0     33   3   2             @ITOF
0     10   1   0    37  1.3  isrtran
0      9   1   0    32  1.0  Newline
0     28   2   4   142  4.5  Text_To_Usart
0    526  42 110  2416  9.5  MAIN
0     23   2   5             @MUL1616
0    122  10   9             @PRINTF_LD_9600_62_63
0     25   2   3             @DIV88
 Inline        5             @FTOSD
0     68   5  13             @DIV3232
0    366  29  13             @PRINTF_L32D_9600_62_63FPFPF

Program metrics:
    Functions               4
    Statements              439
    Comments                629
    Volume (V)              2952
    Difficilty (D)          16.6
    Effort to implement (E) 49011
    Time to implement (T)   45 minutes
    Est Delivered Bugs (B)  0
    Cyclomatic Complexity   11
    Maintainability (MI)    87

 Segment     Used  Free
-----------  ----  ----
00000-00003     4  0  
00004-00030    45  0  
00031-007FF  1210  789  
00800-00FFF     0  2048  
01000-017FF     0  2048  
01800-01FFF     0  2048  



